/usr/local/lib/python3.8/dist-packages/pycompss/COMPSs//Runtime/scripts/system/commons/utils.sh: line 92: uuidgen: command not found
Error in sitecustomize; set PYTHONVERBOSE for traceback:
ModuleNotFoundError: No module named 'coverage'
/usr/local/lib/python3.8/dist-packages/fastkml/config.py:28: UserWarning: Package `lxml` missing. Pretty print will be disabled
  warnings.warn("Package `lxml` missing. Pretty print will be disabled")
WARNING: COMPSs Properties file is null. Setting default values
mpi2prv: Warning! Clock accuracy seems to be in microseconds instead of nanoseconds.
[ERRMGR]  -  WARNING: Error while trying to merge files
                      Stack trace:
                      java.io.FileNotFoundException: No workers traces to merge found.
                      	at es.bsc.compss.util.TraceMerger.setUpWorkers(TraceMerger.java:163)
                      	at es.bsc.compss.util.PythonTraceMerger.<init>(PythonTraceMerger.java:65)
                      	at es.bsc.compss.util.Tracer.generateTrace(Tracer.java:1004)
                      	at es.bsc.compss.util.Tracer.fini(Tracer.java:614)
                      	at es.bsc.compss.comm.Comm.stop(Comm.java:363)
                      	at es.bsc.compss.api.impl.COMPSsRuntimeImpl.stopIT(COMPSsRuntimeImpl.java:504)
/usr/local/lib/python3.8/dist-packages/pycompss/COMPSs//Runtime/scripts/system/commons/utils.sh: line 92: uuidgen: command not found
Error in sitecustomize; set PYTHONVERBOSE for traceback:
ModuleNotFoundError: No module named 'coverage'
/usr/local/lib/python3.8/dist-packages/fastkml/config.py:28: UserWarning: Package `lxml` missing. Pretty print will be disabled
  warnings.warn("Package `lxml` missing. Pretty print will be disabled")
WARNING: COMPSs Properties file is null. Setting default values
mpi2prv: Warning! Clock accuracy seems to be in microseconds instead of nanoseconds.
[ERRMGR]  -  WARNING: Error while trying to merge files
                      Stack trace:
                      java.io.FileNotFoundException: No workers traces to merge found.
                      	at es.bsc.compss.util.TraceMerger.setUpWorkers(TraceMerger.java:163)
                      	at es.bsc.compss.util.PythonTraceMerger.<init>(PythonTraceMerger.java:65)
                      	at es.bsc.compss.util.Tracer.generateTrace(Tracer.java:1004)
                      	at es.bsc.compss.util.Tracer.fini(Tracer.java:614)
                      	at es.bsc.compss.comm.Comm.stop(Comm.java:363)
                      	at es.bsc.compss.api.impl.COMPSsRuntimeImpl.stopIT(COMPSsRuntimeImpl.java:504)
/usr/local/lib/python3.8/dist-packages/pycompss/COMPSs//Runtime/scripts/system/commons/utils.sh: line 92: uuidgen: command not found
Error in sitecustomize; set PYTHONVERBOSE for traceback:
ModuleNotFoundError: No module named 'coverage'
/usr/local/lib/python3.8/dist-packages/fastkml/config.py:28: UserWarning: Package `lxml` missing. Pretty print will be disabled
  warnings.warn("Package `lxml` missing. Pretty print will be disabled")
WARNING: COMPSs Properties file is null. Setting default values
mpi2prv: Warning! Clock accuracy seems to be in microseconds instead of nanoseconds.
[ERRMGR]  -  WARNING: Error while trying to merge files
                      Stack trace:
                      java.io.FileNotFoundException: No workers traces to merge found.
                      	at es.bsc.compss.util.TraceMerger.setUpWorkers(TraceMerger.java:163)
                      	at es.bsc.compss.util.PythonTraceMerger.<init>(PythonTraceMerger.java:65)
                      	at es.bsc.compss.util.Tracer.generateTrace(Tracer.java:1004)
                      	at es.bsc.compss.util.Tracer.fini(Tracer.java:614)
                      	at es.bsc.compss.comm.Comm.stop(Comm.java:363)
                      	at es.bsc.compss.api.impl.COMPSsRuntimeImpl.stopIT(COMPSsRuntimeImpl.java:504)
/usr/local/lib/python3.8/dist-packages/pycompss/COMPSs//Runtime/scripts/system/commons/utils.sh: line 92: uuidgen: command not found
Error in sitecustomize; set PYTHONVERBOSE for traceback:
ModuleNotFoundError: No module named 'coverage'
/usr/local/lib/python3.8/dist-packages/fastkml/config.py:28: UserWarning: Package `lxml` missing. Pretty print will be disabled
  warnings.warn("Package `lxml` missing. Pretty print will be disabled")
WARNING: COMPSs Properties file is null. Setting default values
mpi2prv: Warning! Clock accuracy seems to be in microseconds instead of nanoseconds.
[ERRMGR]  -  WARNING: Error while trying to merge files
                      Stack trace:
                      java.io.FileNotFoundException: No workers traces to merge found.
                      	at es.bsc.compss.util.TraceMerger.setUpWorkers(TraceMerger.java:163)
                      	at es.bsc.compss.util.PythonTraceMerger.<init>(PythonTraceMerger.java:65)
                      	at es.bsc.compss.util.Tracer.generateTrace(Tracer.java:1004)
                      	at es.bsc.compss.util.Tracer.fini(Tracer.java:614)
                      	at es.bsc.compss.comm.Comm.stop(Comm.java:363)
                      	at es.bsc.compss.api.impl.COMPSsRuntimeImpl.stopIT(COMPSsRuntimeImpl.java:504)
/usr/local/lib/python3.8/dist-packages/pycompss/COMPSs//Runtime/scripts/system/commons/utils.sh: line 92: uuidgen: command not found
Error in sitecustomize; set PYTHONVERBOSE for traceback:
ModuleNotFoundError: No module named 'coverage'
/usr/local/lib/python3.8/dist-packages/fastkml/config.py:28: UserWarning: Package `lxml` missing. Pretty print will be disabled
  warnings.warn("Package `lxml` missing. Pretty print will be disabled")
WARNING: COMPSs Properties file is null. Setting default values
mpi2prv: Warning! Clock accuracy seems to be in microseconds instead of nanoseconds.
[ERRMGR]  -  WARNING: Error while trying to merge files
                      Stack trace:
                      java.io.FileNotFoundException: No workers traces to merge found.
                      	at es.bsc.compss.util.TraceMerger.setUpWorkers(TraceMerger.java:163)
                      	at es.bsc.compss.util.PythonTraceMerger.<init>(PythonTraceMerger.java:65)
                      	at es.bsc.compss.util.Tracer.generateTrace(Tracer.java:1004)
                      	at es.bsc.compss.util.Tracer.fini(Tracer.java:614)
                      	at es.bsc.compss.comm.Comm.stop(Comm.java:363)
                      	at es.bsc.compss.api.impl.COMPSsRuntimeImpl.stopIT(COMPSsRuntimeImpl.java:504)
/usr/local/lib/python3.8/dist-packages/pycompss/COMPSs//Runtime/scripts/system/commons/utils.sh: line 92: uuidgen: command not found
Error in sitecustomize; set PYTHONVERBOSE for traceback:
ModuleNotFoundError: No module named 'coverage'
/usr/local/lib/python3.8/dist-packages/fastkml/config.py:28: UserWarning: Package `lxml` missing. Pretty print will be disabled
  warnings.warn("Package `lxml` missing. Pretty print will be disabled")
WARNING: COMPSs Properties file is null. Setting default values
mpi2prv: Warning! Clock accuracy seems to be in microseconds instead of nanoseconds.
[ERRMGR]  -  WARNING: Error while trying to merge files
                      Stack trace:
                      java.io.FileNotFoundException: No workers traces to merge found.
                      	at es.bsc.compss.util.TraceMerger.setUpWorkers(TraceMerger.java:163)
                      	at es.bsc.compss.util.PythonTraceMerger.<init>(PythonTraceMerger.java:65)
                      	at es.bsc.compss.util.Tracer.generateTrace(Tracer.java:1004)
                      	at es.bsc.compss.util.Tracer.fini(Tracer.java:614)
                      	at es.bsc.compss.comm.Comm.stop(Comm.java:363)
                      	at es.bsc.compss.api.impl.COMPSsRuntimeImpl.stopIT(COMPSsRuntimeImpl.java:504)
/usr/local/lib/python3.8/dist-packages/pycompss/COMPSs//Runtime/scripts/system/commons/utils.sh: line 92: uuidgen: command not found
Error in sitecustomize; set PYTHONVERBOSE for traceback:
ModuleNotFoundError: No module named 'coverage'
/usr/local/lib/python3.8/dist-packages/fastkml/config.py:28: UserWarning: Package `lxml` missing. Pretty print will be disabled
  warnings.warn("Package `lxml` missing. Pretty print will be disabled")
WARNING: COMPSs Properties file is null. Setting default values
